<TESTLIST name="back-end unit test">
    <TEST>
        <TESTID>1</TESTID>
        <TESTCONTENT>Unit test to validate POST /login</TESTCONTENT>
        <STATUS>SUCCESS</STATUS>
    </TEST>
    
    <TEST>
        <TESTID>2</TESTID>
        <TESTCONTENT>Unit test to validate POST /register</TESTCONTENT>
        <STATUS>SUCCESS</STATUS>
    </TEST>

    <TEST>
        <TESTID>3</TESTID>
        <TESTCONTENT>Unit test to validate PUT /logout</TESTCONTENT>
        <STATUS>SUCCESS</STATUS>
    </TEST>

    <TEST>
        <TESTID>4</TESTID>
        <TESTCONTENT>Unit test to validate GET /headlines</TESTCONTENT>
        <STATUS>SUCCESS</STATUS>
    </TEST>

    <TEST>
        <TESTID>5</TESTID>
        <TESTCONTENT>Unit test to validate PUT /headline</TESTCONTENT>
        <STATUS>SUCCESS</STATUS>
    </TEST>

    <TEST>
        <TESTID>6</TESTID>
        <TESTCONTENT>Unit test to validate GET /articles</TESTCONTENT>
        <STATUS>SUCCESS</STATUS>
    </TEST>

    <TEST>
        <TESTID>7</TESTID>
        <TESTCONTENT>Unit test to validate GET /articles/:id?</TESTCONTENT>
        <STATUS>SUCCESS</STATUS>
    </TEST>

    <TEST>
        <TESTID>8</TESTID>
        <TESTCONTENT>Unit test to validate POST /article</TESTCONTENT>
        <STATUS>SUCCESS</STATUS>
    </TEST>